Started GET "/" for 127.0.0.1 at 2017-03-28 15:30:18 +1100
Processing by Rails::WelcomeController#index as HTML
  Parameters: {"internal"=>true}
  Rendering /home/alucinare/.rvm/gems/ruby-2.4.0@rails500/gems/railties-5.0.2/lib/rails/templates/rails/welcome/index.html.erb
  Rendered /home/alucinare/.rvm/gems/ruby-2.4.0@rails500/gems/railties-5.0.2/lib/rails/templates/rails/welcome/index.html.erb (30.6ms)
Completed 200 OK in 75ms (Views: 56.8ms | ActiveRecord: 0.0ms)


Started GET "/" for 127.0.0.1 at 2017-03-28 15:31:15 +1100
Processing by PagesController#home as HTML
  Rendering pages/home.html.erb within layouts/application
  Rendered pages/home.html.erb within layouts/application (0.3ms)
Completed 200 OK in 623ms (Views: 622.1ms | ActiveRecord: 0.0ms)


Started GET "/" for 127.0.0.1 at 2017-03-28 15:31:54 +1100
Processing by PagesController#home as HTML
  Rendering pages/home.html.erb within layouts/application
  Rendered pages/home.html.erb within layouts/application (0.3ms)
Completed 200 OK in 14ms (Views: 12.9ms | ActiveRecord: 0.0ms)


Started GET "/" for 127.0.0.1 at 2017-03-28 15:40:23 +1100
Processing by PagesController#home as HTML
  Rendering pages/home.html.erb within layouts/application
  Rendered pages/home.html.erb within layouts/application (1.0ms)
Completed 200 OK in 159ms (Views: 151.5ms | ActiveRecord: 0.0ms)


Started GET "/" for 127.0.0.1 at 2017-03-28 15:45:04 +1100
  
NoMethodError (undefined method `devise_for' for #<ActionDispatch::Routing::Mapper:0x007fbc0c048178>):
  
config/routes.rb:3:in `block in <top (required)>'
config/routes.rb:1:in `<top (required)>'
  Rendering /home/alucinare/.rvm/gems/ruby-2.4.0@rails500/gems/actionpack-5.0.2/lib/action_dispatch/middleware/templates/rescues/diagnostics.html.erb within rescues/layout
  Rendering /home/alucinare/.rvm/gems/ruby-2.4.0@rails500/gems/actionpack-5.0.2/lib/action_dispatch/middleware/templates/rescues/_source.html.erb
  Rendered /home/alucinare/.rvm/gems/ruby-2.4.0@rails500/gems/actionpack-5.0.2/lib/action_dispatch/middleware/templates/rescues/_source.html.erb (2.6ms)
  Rendering /home/alucinare/.rvm/gems/ruby-2.4.0@rails500/gems/actionpack-5.0.2/lib/action_dispatch/middleware/templates/rescues/_trace.html.erb
  Rendered /home/alucinare/.rvm/gems/ruby-2.4.0@rails500/gems/actionpack-5.0.2/lib/action_dispatch/middleware/templates/rescues/_trace.html.erb (1.1ms)
  Rendering /home/alucinare/.rvm/gems/ruby-2.4.0@rails500/gems/actionpack-5.0.2/lib/action_dispatch/middleware/templates/rescues/_request_and_response.html.erb
  Rendered /home/alucinare/.rvm/gems/ruby-2.4.0@rails500/gems/actionpack-5.0.2/lib/action_dispatch/middleware/templates/rescues/_request_and_response.html.erb (0.5ms)
  Rendered /home/alucinare/.rvm/gems/ruby-2.4.0@rails500/gems/actionpack-5.0.2/lib/action_dispatch/middleware/templates/rescues/diagnostics.html.erb within rescues/layout (25.9ms)
  [1m[35m (10.9ms)[0m  [1m[35mCREATE TABLE "schema_migrations" ("version" varchar NOT NULL PRIMARY KEY)[0m
  [1m[35m (7.4ms)[0m  [1m[35mCREATE TABLE "ar_internal_metadata" ("key" varchar NOT NULL PRIMARY KEY, "value" varchar, "created_at" datetime NOT NULL, "updated_at" datetime NOT NULL)[0m
  [1m[36mActiveRecord::SchemaMigration Load (0.1ms)[0m  [1m[34mSELECT "schema_migrations".* FROM "schema_migrations"[0m
Migrating to DeviseCreateUsers (20170328044309)
  [1m[35m (0.0ms)[0m  [1m[36mbegin transaction[0m
  [1m[35m (0.3ms)[0m  [1m[35mCREATE TABLE "users" ("id" INTEGER PRIMARY KEY AUTOINCREMENT NOT NULL, "email" varchar DEFAULT '' NOT NULL, "encrypted_password" varchar DEFAULT '' NOT NULL, "reset_password_token" varchar, "reset_password_sent_at" datetime, "remember_created_at" datetime, "sign_in_count" integer DEFAULT 0 NOT NULL, "current_sign_in_at" datetime, "last_sign_in_at" datetime, "current_sign_in_ip" varchar, "last_sign_in_ip" varchar, "created_at" datetime NOT NULL, "updated_at" datetime NOT NULL)[0m
  [1m[35m (0.0ms)[0m  [1m[34mselect sqlite_version(*)[0m
  [1m[35m (0.1ms)[0m  [1m[35mCREATE UNIQUE INDEX "index_users_on_email" ON "users" ("email")[0m
  [1m[35m (0.1ms)[0m  [1m[34m            SELECT sql
            FROM sqlite_master
            WHERE name='index_users_on_email' AND type='index'
            UNION ALL
            SELECT sql
            FROM sqlite_temp_master
            WHERE name='index_users_on_email' AND type='index'
[0m
  [1m[35m (0.1ms)[0m  [1m[35mCREATE UNIQUE INDEX "index_users_on_reset_password_token" ON "users" ("reset_password_token")[0m
  [1m[35mSQL (0.1ms)[0m  [1m[32mINSERT INTO "schema_migrations" ("version") VALUES (?)[0m  [["version", "20170328044309"]]
  [1m[35m (10.6ms)[0m  [1m[36mcommit transaction[0m
Migrating to CreatePosts (20170328044400)
  [1m[35m (0.1ms)[0m  [1m[36mbegin transaction[0m
  [1m[35m (0.5ms)[0m  [1m[35mCREATE TABLE "posts" ("id" INTEGER PRIMARY KEY AUTOINCREMENT NOT NULL, "title" varchar, "content" text, "user_id" integer, "created_at" datetime NOT NULL, "updated_at" datetime NOT NULL)[0m
  [1m[35m (0.1ms)[0m  [1m[35mCREATE  INDEX "index_posts_on_user_id" ON "posts" ("user_id")[0m
  [1m[35mSQL (0.2ms)[0m  [1m[32mINSERT INTO "schema_migrations" ("version") VALUES (?)[0m  [["version", "20170328044400"]]
  [1m[35m (10.3ms)[0m  [1m[36mcommit transaction[0m
  [1m[36mActiveRecord::InternalMetadata Load (0.1ms)[0m  [1m[34mSELECT  "ar_internal_metadata".* FROM "ar_internal_metadata" WHERE "ar_internal_metadata"."key" = ? LIMIT ?[0m  [["key", :environment], ["LIMIT", 1]]
  [1m[35m (0.1ms)[0m  [1m[36mbegin transaction[0m
  [1m[35mSQL (0.3ms)[0m  [1m[32mINSERT INTO "ar_internal_metadata" ("key", "value", "created_at", "updated_at") VALUES (?, ?, ?, ?)[0m  [["key", "environment"], ["value", "development"], ["created_at", 2017-03-28 04:45:42 UTC], ["updated_at", 2017-03-28 04:45:42 UTC]]
  [1m[35m (9.6ms)[0m  [1m[36mcommit transaction[0m
  [1m[36mActiveRecord::SchemaMigration Load (0.1ms)[0m  [1m[34mSELECT "schema_migrations".* FROM "schema_migrations"[0m
  [1m[35m (0.1ms)[0m  [1m[34m            SELECT sql
            FROM sqlite_master
            WHERE name='index_posts_on_user_id' AND type='index'
            UNION ALL
            SELECT sql
            FROM sqlite_temp_master
            WHERE name='index_posts_on_user_id' AND type='index'
[0m
  [1m[35m (0.1ms)[0m  [1m[34m            SELECT sql
            FROM sqlite_master
            WHERE name='index_users_on_reset_password_token' AND type='index'
            UNION ALL
            SELECT sql
            FROM sqlite_temp_master
            WHERE name='index_users_on_reset_password_token' AND type='index'
[0m
  [1m[35m (0.1ms)[0m  [1m[34m            SELECT sql
            FROM sqlite_master
            WHERE name='index_users_on_email' AND type='index'
            UNION ALL
            SELECT sql
            FROM sqlite_temp_master
            WHERE name='index_users_on_email' AND type='index'
[0m
  [1m[35m (0.1ms)[0m  [1m[34mSELECT "schema_migrations"."version" FROM "schema_migrations"[0m
Started GET "/" for 127.0.0.1 at 2017-03-28 15:46:54 +1100
  [1m[36mActiveRecord::SchemaMigration Load (0.1ms)[0m  [1m[34mSELECT "schema_migrations".* FROM "schema_migrations"[0m
Processing by PagesController#home as HTML
  Rendering pages/home.html.erb within layouts/application
  Rendered pages/home.html.erb within layouts/application (0.8ms)
Completed 200 OK in 244ms (Views: 237.4ms | ActiveRecord: 0.0ms)


Started GET "/" for 127.0.0.1 at 2017-03-28 15:56:17 +1100
Processing by PagesController#home as HTML
Completed 401 Unauthorized in 5ms (ActiveRecord: 0.0ms)


Started GET "/users/sign_in" for 127.0.0.1 at 2017-03-28 15:56:17 +1100
Processing by Devise::SessionsController#new as HTML
  Rendering devise/sessions/new.html.erb within layouts/application
  Rendered devise/shared/_links.html.erb (1.0ms)
  Rendered devise/sessions/new.html.erb within layouts/application (29.3ms)
Completed 200 OK in 54ms (Views: 44.4ms | ActiveRecord: 0.6ms)


Started GET "/users/sign_up" for 127.0.0.1 at 2017-03-28 15:58:32 +1100
Processing by Devise::RegistrationsController#new as HTML
  Rendering devise/registrations/new.html.erb within layouts/application
  Rendered devise/shared/_links.html.erb (1.3ms)
  Rendered devise/registrations/new.html.erb within layouts/application (6.3ms)
Completed 200 OK in 30ms (Views: 28.9ms | ActiveRecord: 0.0ms)


Started POST "/users" for 127.0.0.1 at 2017-03-28 15:58:50 +1100
Processing by Devise::RegistrationsController#create as HTML
  Parameters: {"utf8"=>"✓", "authenticity_token"=>"p8Z1KbEZh6R1fejhHJTMnEZTcgbIoIOd4emtMU4AgGHn7cfXNgqxgdULvq8+FqdP7ZY1crqr7vQNrPMmT1so8Q==", "user"=>{"email"=>"cowlad@cowland.com", "password"=>"[FILTERED]", "password_confirmation"=>"[FILTERED]"}, "commit"=>"Sign up"}
  [1m[35m (0.1ms)[0m  [1m[36mbegin transaction[0m
  [1m[36mUser Exists (0.2ms)[0m  [1m[34mSELECT  1 AS one FROM "users" WHERE "users"."email" = ? LIMIT ?[0m  [["email", "cowlad@cowland.com"], ["LIMIT", 1]]
  [1m[35mSQL (1.6ms)[0m  [1m[32mINSERT INTO "users" ("email", "encrypted_password", "created_at", "updated_at") VALUES (?, ?, ?, ?)[0m  [["email", "cowlad@cowland.com"], ["encrypted_password", "$2a$11$CEQ9Jz.SkYnMjbcpldjA2eO.ybALlc4HlAUwmvy2.5Xtq714USSIW"], ["created_at", 2017-03-28 04:58:50 UTC], ["updated_at", 2017-03-28 04:58:50 UTC]]
  [1m[35m (9.9ms)[0m  [1m[36mcommit transaction[0m
  [1m[35m (0.1ms)[0m  [1m[36mbegin transaction[0m
  [1m[35mSQL (0.3ms)[0m  [1m[33mUPDATE "users" SET "sign_in_count" = ?, "current_sign_in_at" = ?, "last_sign_in_at" = ?, "current_sign_in_ip" = ?, "last_sign_in_ip" = ?, "updated_at" = ? WHERE "users"."id" = ?[0m  [["sign_in_count", 1], ["current_sign_in_at", 2017-03-28 04:58:50 UTC], ["last_sign_in_at", 2017-03-28 04:58:50 UTC], ["current_sign_in_ip", "127.0.0.1"], ["last_sign_in_ip", "127.0.0.1"], ["updated_at", 2017-03-28 04:58:50 UTC], ["id", 1]]
  [1m[35m (9.3ms)[0m  [1m[36mcommit transaction[0m
Redirected to http://localhost:3000/
Completed 302 Found in 210ms (ActiveRecord: 21.4ms)


Started GET "/" for 127.0.0.1 at 2017-03-28 15:58:50 +1100
Processing by PagesController#home as HTML
  [1m[36mUser Load (0.2ms)[0m  [1m[34mSELECT  "users".* FROM "users" WHERE "users"."id" = ? ORDER BY "users"."id" ASC LIMIT ?[0m  [["id", 1], ["LIMIT", 1]]
  Rendering pages/home.html.erb within layouts/application
  Rendered pages/home.html.erb within layouts/application (0.4ms)
Completed 200 OK in 29ms (Views: 23.5ms | ActiveRecord: 0.2ms)


Started GET "/posts" for 127.0.0.1 at 2017-03-28 15:58:54 +1100
Processing by PostsController#index as HTML
  [1m[36mUser Load (0.4ms)[0m  [1m[34mSELECT  "users".* FROM "users" WHERE "users"."id" = ? ORDER BY "users"."id" ASC LIMIT ?[0m  [["id", 1], ["LIMIT", 1]]
  Rendering posts/index.html.erb within layouts/application
  [1m[36mPost Load (0.1ms)[0m  [1m[34mSELECT "posts".* FROM "posts"[0m
  Rendered posts/index.html.erb within layouts/application (2.1ms)
Completed 200 OK in 33ms (Views: 24.4ms | ActiveRecord: 0.9ms)


Started GET "/posts/new" for 127.0.0.1 at 2017-03-28 15:58:58 +1100
Processing by PostsController#new as HTML
  [1m[36mUser Load (0.2ms)[0m  [1m[34mSELECT  "users".* FROM "users" WHERE "users"."id" = ? ORDER BY "users"."id" ASC LIMIT ?[0m  [["id", 1], ["LIMIT", 1]]
  Rendering posts/new.html.erb within layouts/application
  Rendered posts/_form.html.erb (6.3ms)
  Rendered posts/new.html.erb within layouts/application (7.8ms)
Completed 200 OK in 50ms (Views: 39.6ms | ActiveRecord: 0.5ms)


Started GET "/posts/new" for 127.0.0.1 at 2017-03-28 16:04:10 +1100
Processing by PostsController#new as HTML
  [1m[36mUser Load (0.3ms)[0m  [1m[34mSELECT  "users".* FROM "users" WHERE "users"."id" = ? ORDER BY "users"."id" ASC LIMIT ?[0m  [["id", 1], ["LIMIT", 1]]
  Rendering posts/new.html.erb within layouts/application
  Rendered posts/_form.html.erb (2.4ms)
  Rendered posts/new.html.erb within layouts/application (3.7ms)
Completed 200 OK in 22ms (Views: 19.5ms | ActiveRecord: 0.3ms)


Started POST "/posts" for 127.0.0.1 at 2017-03-28 16:04:29 +1100
Processing by PostsController#create as HTML
  Parameters: {"utf8"=>"✓", "authenticity_token"=>"06Yas8WG5Qack58Y3k+7QkVrR18nU+hnX3c96JWH9uwOItaFZbrPvcJV90t+XWCyoPGva76MuKP9ihXLlkIiUA==", "post"=>{"title"=>"Cowtown intro", "content"=>"Testing some moo."}, "commit"=>"Create Post"}
  [1m[36mUser Load (0.2ms)[0m  [1m[34mSELECT  "users".* FROM "users" WHERE "users"."id" = ? ORDER BY "users"."id" ASC LIMIT ?[0m  [["id", 1], ["LIMIT", 1]]
  [1m[35m (0.0ms)[0m  [1m[36mbegin transaction[0m
  [1m[35m (0.2ms)[0m  [1m[31mrollback transaction[0m
  Rendering posts/new.html.erb within layouts/application
  Rendered posts/_form.html.erb (2.4ms)
  Rendered posts/new.html.erb within layouts/application (3.7ms)
Completed 200 OK in 34ms (Views: 24.1ms | ActiveRecord: 0.4ms)


Started GET "/posts/new" for 127.0.0.1 at 2017-03-28 16:10:52 +1100
Processing by PostsController#new as HTML
  [1m[36mUser Load (0.1ms)[0m  [1m[34mSELECT  "users".* FROM "users" WHERE "users"."id" = ? ORDER BY "users"."id" ASC LIMIT ?[0m  [["id", 1], ["LIMIT", 1]]
  Rendering posts/new.html.erb within layouts/application
  Rendered posts/_form.html.erb (2.8ms)
  Rendered posts/new.html.erb within layouts/application (3.7ms)
Completed 200 OK in 41ms (Views: 19.9ms | ActiveRecord: 1.5ms)


Started GET "/posts" for 127.0.0.1 at 2017-03-28 16:10:55 +1100
Processing by PostsController#index as HTML
  [1m[36mUser Load (0.3ms)[0m  [1m[34mSELECT  "users".* FROM "users" WHERE "users"."id" = ? ORDER BY "users"."id" ASC LIMIT ?[0m  [["id", 1], ["LIMIT", 1]]
  Rendering posts/index.html.erb within layouts/application
  [1m[36mPost Load (0.1ms)[0m  [1m[34mSELECT "posts".* FROM "posts"[0m
  Rendered posts/index.html.erb within layouts/application (1.7ms)
Completed 200 OK in 38ms (Views: 34.6ms | ActiveRecord: 0.5ms)


Started GET "/posts/new" for 127.0.0.1 at 2017-03-28 16:10:56 +1100
Processing by PostsController#new as HTML
  [1m[36mUser Load (0.2ms)[0m  [1m[34mSELECT  "users".* FROM "users" WHERE "users"."id" = ? ORDER BY "users"."id" ASC LIMIT ?[0m  [["id", 1], ["LIMIT", 1]]
  Rendering posts/new.html.erb within layouts/application
  Rendered posts/_form.html.erb (1.6ms)
  Rendered posts/new.html.erb within layouts/application (2.6ms)
Completed 200 OK in 20ms (Views: 18.0ms | ActiveRecord: 0.2ms)


Started POST "/posts" for 127.0.0.1 at 2017-03-28 16:11:08 +1100
Processing by PostsController#create as HTML
  Parameters: {"utf8"=>"✓", "authenticity_token"=>"D8LVMxYxHwde/WbA7jzP1iI5ugVbBK/i/aGYkAAhbfX6Lh2Ixdac6vounXVv0hecoKWzqlIlUsaw9Z3afpepuQ==", "post"=>{"title"=>"Cowtown intro", "content"=>"Grass is green."}, "commit"=>"Create Post"}
  [1m[36mUser Load (0.2ms)[0m  [1m[34mSELECT  "users".* FROM "users" WHERE "users"."id" = ? ORDER BY "users"."id" ASC LIMIT ?[0m  [["id", 1], ["LIMIT", 1]]
  [1m[35m (0.1ms)[0m  [1m[36mbegin transaction[0m
  [1m[35m (0.1ms)[0m  [1m[31mrollback transaction[0m
  Rendering posts/new.html.erb within layouts/application
  Rendered posts/_form.html.erb (1.9ms)
  Rendered posts/new.html.erb within layouts/application (2.9ms)
Completed 200 OK in 23ms (Views: 18.8ms | ActiveRecord: 0.3ms)


Started POST "/posts" for 127.0.0.1 at 2017-03-28 16:17:23 +1100
Processing by PostsController#create as HTML
  Parameters: {"utf8"=>"✓", "authenticity_token"=>"BRyS20e9aU6+Kuyqu7JBwJixMqkh+3iBqVLAWnoavFDYmF7t54FD9eDshPkboJowfSvanbgkKEULr+h5ed9o7A==", "post"=>{"title"=>"Cowtown intro", "content"=>"Grass is green."}, "commit"=>"Create Post"}
  [1m[36mUser Load (0.1ms)[0m  [1m[34mSELECT  "users".* FROM "users" WHERE "users"."id" = ? ORDER BY "users"."id" ASC LIMIT ?[0m  [["id", 1], ["LIMIT", 1]]
  [1m[35m (0.1ms)[0m  [1m[36mbegin transaction[0m
  [1m[36mUser Load (0.1ms)[0m  [1m[34mSELECT  "users".* FROM "users" WHERE "users"."id" = ? LIMIT ?[0m  [["id", 1], ["LIMIT", 1]]
  [1m[35mSQL (0.3ms)[0m  [1m[32mINSERT INTO "posts" ("title", "content", "user_id", "created_at", "updated_at") VALUES (?, ?, ?, ?, ?)[0m  [["title", "Cowtown intro"], ["content", "Grass is green."], ["user_id", 1], ["created_at", 2017-03-28 05:17:23 UTC], ["updated_at", 2017-03-28 05:17:23 UTC]]
  [1m[35m (9.6ms)[0m  [1m[36mcommit transaction[0m
Redirected to http://localhost:3000/posts/1
Completed 302 Found in 56ms (ActiveRecord: 11.8ms)


Started GET "/posts/1" for 127.0.0.1 at 2017-03-28 16:17:23 +1100
Processing by PostsController#show as HTML
  Parameters: {"id"=>"1"}
  [1m[36mUser Load (0.2ms)[0m  [1m[34mSELECT  "users".* FROM "users" WHERE "users"."id" = ? ORDER BY "users"."id" ASC LIMIT ?[0m  [["id", 1], ["LIMIT", 1]]
  [1m[36mPost Load (0.1ms)[0m  [1m[34mSELECT  "posts".* FROM "posts" WHERE "posts"."id" = ? LIMIT ?[0m  [["id", 1], ["LIMIT", 1]]
  Rendering posts/show.html.erb within layouts/application
  [1m[36mUser Load (0.1ms)[0m  [1m[34mSELECT  "users".* FROM "users" WHERE "users"."id" = ? LIMIT ?[0m  [["id", 1], ["LIMIT", 1]]
  Rendered posts/show.html.erb within layouts/application (1.3ms)
Completed 200 OK in 19ms (Views: 16.6ms | ActiveRecord: 0.3ms)


Started GET "/posts" for 127.0.0.1 at 2017-03-28 16:17:27 +1100
Processing by PostsController#index as HTML
  [1m[36mUser Load (0.3ms)[0m  [1m[34mSELECT  "users".* FROM "users" WHERE "users"."id" = ? ORDER BY "users"."id" ASC LIMIT ?[0m  [["id", 1], ["LIMIT", 1]]
  Rendering posts/index.html.erb within layouts/application
  [1m[36mPost Load (0.3ms)[0m  [1m[34mSELECT "posts".* FROM "posts"[0m
  [1m[36mUser Load (0.2ms)[0m  [1m[34mSELECT  "users".* FROM "users" WHERE "users"."id" = ? LIMIT ?[0m  [["id", 1], ["LIMIT", 1]]
  Rendered posts/index.html.erb within layouts/application (4.9ms)
Completed 200 OK in 41ms (Views: 37.4ms | ActiveRecord: 0.8ms)


Started GET "/posts/1" for 127.0.0.1 at 2017-03-28 16:18:00 +1100
Processing by PostsController#show as HTML
  Parameters: {"id"=>"1"}
  [1m[36mUser Load (0.2ms)[0m  [1m[34mSELECT  "users".* FROM "users" WHERE "users"."id" = ? ORDER BY "users"."id" ASC LIMIT ?[0m  [["id", 1], ["LIMIT", 1]]
  [1m[36mPost Load (0.1ms)[0m  [1m[34mSELECT  "posts".* FROM "posts" WHERE "posts"."id" = ? LIMIT ?[0m  [["id", 1], ["LIMIT", 1]]
  Rendering posts/show.html.erb within layouts/application
  [1m[36mUser Load (0.1ms)[0m  [1m[34mSELECT  "users".* FROM "users" WHERE "users"."id" = ? LIMIT ?[0m  [["id", 1], ["LIMIT", 1]]
  Rendered posts/show.html.erb within layouts/application (2.3ms)
Completed 200 OK in 31ms (Views: 27.2ms | ActiveRecord: 0.4ms)


  [1m[36mActiveRecord::SchemaMigration Load (0.1ms)[0m  [1m[34mSELECT "schema_migrations".* FROM "schema_migrations"[0m
Migrating to CreateComments (20170328052333)
  [1m[35m (0.0ms)[0m  [1m[36mbegin transaction[0m
  [1m[35m (0.4ms)[0m  [1m[35mCREATE TABLE "comments" ("id" INTEGER PRIMARY KEY AUTOINCREMENT NOT NULL, "content" text, "post_id" integer, "user_id" integer, "created_at" datetime NOT NULL, "updated_at" datetime NOT NULL)[0m
  [1m[35m (0.1ms)[0m  [1m[34mselect sqlite_version(*)[0m
  [1m[35m (0.1ms)[0m  [1m[35mCREATE  INDEX "index_comments_on_post_id" ON "comments" ("post_id")[0m
  [1m[35m (0.1ms)[0m  [1m[34m            SELECT sql
            FROM sqlite_master
            WHERE name='index_comments_on_post_id' AND type='index'
            UNION ALL
            SELECT sql
            FROM sqlite_temp_master
            WHERE name='index_comments_on_post_id' AND type='index'
[0m
  [1m[35m (0.2ms)[0m  [1m[35mCREATE  INDEX "index_comments_on_user_id" ON "comments" ("user_id")[0m
  [1m[35mSQL (0.1ms)[0m  [1m[32mINSERT INTO "schema_migrations" ("version") VALUES (?)[0m  [["version", "20170328052333"]]
  [1m[35m (10.0ms)[0m  [1m[36mcommit transaction[0m
  [1m[36mActiveRecord::InternalMetadata Load (0.2ms)[0m  [1m[34mSELECT  "ar_internal_metadata".* FROM "ar_internal_metadata" WHERE "ar_internal_metadata"."key" = ? LIMIT ?[0m  [["key", :environment], ["LIMIT", 1]]
  [1m[35m (0.1ms)[0m  [1m[36mbegin transaction[0m
  [1m[35m (0.0ms)[0m  [1m[36mcommit transaction[0m
  [1m[36mActiveRecord::SchemaMigration Load (0.1ms)[0m  [1m[34mSELECT "schema_migrations".* FROM "schema_migrations"[0m
  [1m[35m (0.1ms)[0m  [1m[34m            SELECT sql
            FROM sqlite_master
            WHERE name='index_comments_on_user_id' AND type='index'
            UNION ALL
            SELECT sql
            FROM sqlite_temp_master
            WHERE name='index_comments_on_user_id' AND type='index'
[0m
  [1m[35m (0.1ms)[0m  [1m[34m            SELECT sql
            FROM sqlite_master
            WHERE name='index_comments_on_post_id' AND type='index'
            UNION ALL
            SELECT sql
            FROM sqlite_temp_master
            WHERE name='index_comments_on_post_id' AND type='index'
[0m
  [1m[35m (0.1ms)[0m  [1m[34m            SELECT sql
            FROM sqlite_master
            WHERE name='index_posts_on_user_id' AND type='index'
            UNION ALL
            SELECT sql
            FROM sqlite_temp_master
            WHERE name='index_posts_on_user_id' AND type='index'
[0m
  [1m[35m (0.2ms)[0m  [1m[34m            SELECT sql
            FROM sqlite_master
            WHERE name='index_users_on_reset_password_token' AND type='index'
            UNION ALL
            SELECT sql
            FROM sqlite_temp_master
            WHERE name='index_users_on_reset_password_token' AND type='index'
[0m
  [1m[35m (0.2ms)[0m  [1m[34m            SELECT sql
            FROM sqlite_master
            WHERE name='index_users_on_email' AND type='index'
            UNION ALL
            SELECT sql
            FROM sqlite_temp_master
            WHERE name='index_users_on_email' AND type='index'
[0m
  [1m[35m (0.1ms)[0m  [1m[34mSELECT "schema_migrations"."version" FROM "schema_migrations"[0m
Started GET "/posts/1" for 127.0.0.1 at 2017-03-28 16:27:49 +1100
  [1m[36mActiveRecord::SchemaMigration Load (0.1ms)[0m  [1m[34mSELECT "schema_migrations".* FROM "schema_migrations"[0m
Processing by PostsController#show as HTML
  Parameters: {"id"=>"1"}
  [1m[36mUser Load (0.3ms)[0m  [1m[34mSELECT  "users".* FROM "users" WHERE "users"."id" = ? ORDER BY "users"."id" ASC LIMIT ?[0m  [["id", 1], ["LIMIT", 1]]
  [1m[36mPost Load (0.1ms)[0m  [1m[34mSELECT  "posts".* FROM "posts" WHERE "posts"."id" = ? LIMIT ?[0m  [["id", 1], ["LIMIT", 1]]
Completed 500 Internal Server Error in 54ms (ActiveRecord: 2.7ms)


  
NoMethodError (undefined method `comments' for #<Post:0x00000003ad0ce8>
Did you mean?  committed!):
  
app/controllers/posts_controller.rb:15:in `show'
  Rendering /home/alucinare/.rvm/gems/ruby-2.4.0@rails500/gems/actionpack-5.0.2/lib/action_dispatch/middleware/templates/rescues/diagnostics.html.erb within rescues/layout
  Rendering /home/alucinare/.rvm/gems/ruby-2.4.0@rails500/gems/actionpack-5.0.2/lib/action_dispatch/middleware/templates/rescues/_source.html.erb
  Rendered /home/alucinare/.rvm/gems/ruby-2.4.0@rails500/gems/actionpack-5.0.2/lib/action_dispatch/middleware/templates/rescues/_source.html.erb (9.5ms)
  Rendering /home/alucinare/.rvm/gems/ruby-2.4.0@rails500/gems/actionpack-5.0.2/lib/action_dispatch/middleware/templates/rescues/_trace.html.erb
  Rendered /home/alucinare/.rvm/gems/ruby-2.4.0@rails500/gems/actionpack-5.0.2/lib/action_dispatch/middleware/templates/rescues/_trace.html.erb (11.1ms)
  Rendering /home/alucinare/.rvm/gems/ruby-2.4.0@rails500/gems/actionpack-5.0.2/lib/action_dispatch/middleware/templates/rescues/_request_and_response.html.erb
  Rendered /home/alucinare/.rvm/gems/ruby-2.4.0@rails500/gems/actionpack-5.0.2/lib/action_dispatch/middleware/templates/rescues/_request_and_response.html.erb (1.0ms)
  Rendered /home/alucinare/.rvm/gems/ruby-2.4.0@rails500/gems/actionpack-5.0.2/lib/action_dispatch/middleware/templates/rescues/diagnostics.html.erb within rescues/layout (47.1ms)
Started GET "/posts/1" for 127.0.0.1 at 2017-03-28 16:32:42 +1100
Processing by PostsController#show as HTML
  Parameters: {"id"=>"1"}
  [1m[36mUser Load (0.1ms)[0m  [1m[34mSELECT  "users".* FROM "users" WHERE "users"."id" = ? ORDER BY "users"."id" ASC LIMIT ?[0m  [["id", 1], ["LIMIT", 1]]
  [1m[36mPost Load (0.1ms)[0m  [1m[34mSELECT  "posts".* FROM "posts" WHERE "posts"."id" = ? LIMIT ?[0m  [["id", 1], ["LIMIT", 1]]
Completed 500 Internal Server Error in 26ms (ActiveRecord: 1.5ms)


  
NoMethodError (undefined method `comments' for #<Post:0x0000000426d348>
Did you mean?  committed!):
  
app/controllers/posts_controller.rb:15:in `show'
  Rendering /home/alucinare/.rvm/gems/ruby-2.4.0@rails500/gems/actionpack-5.0.2/lib/action_dispatch/middleware/templates/rescues/diagnostics.html.erb within rescues/layout
  Rendering /home/alucinare/.rvm/gems/ruby-2.4.0@rails500/gems/actionpack-5.0.2/lib/action_dispatch/middleware/templates/rescues/_source.html.erb
  Rendered /home/alucinare/.rvm/gems/ruby-2.4.0@rails500/gems/actionpack-5.0.2/lib/action_dispatch/middleware/templates/rescues/_source.html.erb (2.8ms)
  Rendering /home/alucinare/.rvm/gems/ruby-2.4.0@rails500/gems/actionpack-5.0.2/lib/action_dispatch/middleware/templates/rescues/_trace.html.erb
  Rendered /home/alucinare/.rvm/gems/ruby-2.4.0@rails500/gems/actionpack-5.0.2/lib/action_dispatch/middleware/templates/rescues/_trace.html.erb (1.1ms)
  Rendering /home/alucinare/.rvm/gems/ruby-2.4.0@rails500/gems/actionpack-5.0.2/lib/action_dispatch/middleware/templates/rescues/_request_and_response.html.erb
  Rendered /home/alucinare/.rvm/gems/ruby-2.4.0@rails500/gems/actionpack-5.0.2/lib/action_dispatch/middleware/templates/rescues/_request_and_response.html.erb (0.6ms)
  Rendered /home/alucinare/.rvm/gems/ruby-2.4.0@rails500/gems/actionpack-5.0.2/lib/action_dispatch/middleware/templates/rescues/diagnostics.html.erb within rescues/layout (18.3ms)
Started GET "/posts/1" for 127.0.0.1 at 2017-03-28 16:36:41 +1100
Processing by PostsController#show as HTML
  Parameters: {"id"=>"1"}
  [1m[36mUser Load (0.1ms)[0m  [1m[34mSELECT  "users".* FROM "users" WHERE "users"."id" = ? ORDER BY "users"."id" ASC LIMIT ?[0m  [["id", 1], ["LIMIT", 1]]
  [1m[36mPost Load (0.1ms)[0m  [1m[34mSELECT  "posts".* FROM "posts" WHERE "posts"."id" = ? LIMIT ?[0m  [["id", 1], ["LIMIT", 1]]
  Rendering posts/show.html.erb within layouts/application
  [1m[36mUser Load (0.2ms)[0m  [1m[34mSELECT  "users".* FROM "users" WHERE "users"."id" = ? LIMIT ?[0m  [["id", 1], ["LIMIT", 1]]
  [1m[36mComment Load (0.1ms)[0m  [1m[34mSELECT "comments".* FROM "comments" WHERE "comments"."post_id" = ?[0m  [["post_id", 1]]
  Rendered comments/_form.html.erb (84.8ms)
  Rendered posts/show.html.erb within layouts/application (89.2ms)
Completed 500 Internal Server Error in 124ms (ActiveRecord: 1.9ms)


  
ActionView::Template::Error (undefined method `comments_path' for #<#<Class:0x0000000404c550>:0x000000040418f8>
Did you mean?  font_path):
    1: <%= form_for(comment) do |f| %>
    2:   <% if comment.errors.any? %>
    3:     <div id="error_explanation">
    4:       <h2><%= pluralize(comment.errors.count, "error") %> prohibited this comment from being saved:</h2>
  
app/views/comments/_form.html.erb:1:in `_app_views_comments__form_html_erb__1848429476690310098_32958440'
app/views/posts/show.html.erb:21:in `_app_views_posts_show_html_erb___1012998235044752131_33715200'
  Rendering /home/alucinare/.rvm/gems/ruby-2.4.0@rails500/gems/actionpack-5.0.2/lib/action_dispatch/middleware/templates/rescues/template_error.html.erb within rescues/layout
  Rendering /home/alucinare/.rvm/gems/ruby-2.4.0@rails500/gems/actionpack-5.0.2/lib/action_dispatch/middleware/templates/rescues/_source.html.erb
  Rendered /home/alucinare/.rvm/gems/ruby-2.4.0@rails500/gems/actionpack-5.0.2/lib/action_dispatch/middleware/templates/rescues/_source.html.erb (4.3ms)
  Rendering /home/alucinare/.rvm/gems/ruby-2.4.0@rails500/gems/actionpack-5.0.2/lib/action_dispatch/middleware/templates/rescues/_trace.html.erb
  Rendered /home/alucinare/.rvm/gems/ruby-2.4.0@rails500/gems/actionpack-5.0.2/lib/action_dispatch/middleware/templates/rescues/_trace.html.erb (2.1ms)
  Rendering /home/alucinare/.rvm/gems/ruby-2.4.0@rails500/gems/actionpack-5.0.2/lib/action_dispatch/middleware/templates/rescues/_request_and_response.html.erb
  Rendered /home/alucinare/.rvm/gems/ruby-2.4.0@rails500/gems/actionpack-5.0.2/lib/action_dispatch/middleware/templates/rescues/_request_and_response.html.erb (0.7ms)
  Rendered /home/alucinare/.rvm/gems/ruby-2.4.0@rails500/gems/actionpack-5.0.2/lib/action_dispatch/middleware/templates/rescues/template_error.html.erb within rescues/layout (19.6ms)
Started GET "/posts/1" for 127.0.0.1 at 2017-03-28 16:38:20 +1100
Processing by PostsController#show as HTML
  Parameters: {"id"=>"1"}
  [1m[36mUser Load (0.2ms)[0m  [1m[34mSELECT  "users".* FROM "users" WHERE "users"."id" = ? ORDER BY "users"."id" ASC LIMIT ?[0m  [["id", 1], ["LIMIT", 1]]
  [1m[36mPost Load (0.1ms)[0m  [1m[34mSELECT  "posts".* FROM "posts" WHERE "posts"."id" = ? LIMIT ?[0m  [["id", 1], ["LIMIT", 1]]
  Rendering posts/show.html.erb within layouts/application
  [1m[36mUser Load (0.1ms)[0m  [1m[34mSELECT  "users".* FROM "users" WHERE "users"."id" = ? LIMIT ?[0m  [["id", 1], ["LIMIT", 1]]
  Rendered comments/_form.html.erb (20.4ms)
  [1m[36mComment Load (0.1ms)[0m  [1m[34mSELECT "comments".* FROM "comments" WHERE "comments"."post_id" = ?[0m  [["post_id", 1]]
  Rendered posts/show.html.erb within layouts/application (25.0ms)
Completed 200 OK in 395ms (Views: 389.8ms | ActiveRecord: 0.5ms)


Started POST "/posts/1/comments" for 127.0.0.1 at 2017-03-28 16:38:32 +1100
Processing by CommentsController#create as HTML
  Parameters: {"utf8"=>"✓", "authenticity_token"=>"mGeMozrAkoLvptIuvblm5AaSj5z2s7l9wcLw6PFxMSdF40CVmvy4ObFgun0dq70U4whnqG9s6bljP9jL8rTlmw==", "comment"=>{"content"=>"Grass is awesome."}, "commit"=>"Create Comment", "post_id"=>"1"}
  [1m[36mUser Load (0.4ms)[0m  [1m[34mSELECT  "users".* FROM "users" WHERE "users"."id" = ? ORDER BY "users"."id" ASC LIMIT ?[0m  [["id", 1], ["LIMIT", 1]]
  [1m[35m (0.0ms)[0m  [1m[36mbegin transaction[0m
  [1m[36mPost Load (0.1ms)[0m  [1m[34mSELECT  "posts".* FROM "posts" WHERE "posts"."id" = ? LIMIT ?[0m  [["id", 1], ["LIMIT", 1]]
  [1m[36mUser Load (0.1ms)[0m  [1m[34mSELECT  "users".* FROM "users" WHERE "users"."id" = ? LIMIT ?[0m  [["id", 1], ["LIMIT", 1]]
  [1m[35mSQL (0.4ms)[0m  [1m[32mINSERT INTO "comments" ("content", "post_id", "user_id", "created_at", "updated_at") VALUES (?, ?, ?, ?, ?)[0m  [["content", "Grass is awesome."], ["post_id", 1], ["user_id", 1], ["created_at", 2017-03-28 05:38:32 UTC], ["updated_at", 2017-03-28 05:38:32 UTC]]
  [1m[35m (8.2ms)[0m  [1m[36mcommit transaction[0m
Redirected to 
Completed 500 Internal Server Error in 139ms (ActiveRecord: 9.3ms)


  
NoMethodError (undefined method `comment_url' for #<CommentsController:0x007f97a107f4a0>
Did you mean?  comment_params):
  
app/controllers/comments_controller.rb:33:in `block (2 levels) in create'
app/controllers/comments_controller.rb:31:in `create'
  Rendering /home/alucinare/.rvm/gems/ruby-2.4.0@rails500/gems/actionpack-5.0.2/lib/action_dispatch/middleware/templates/rescues/diagnostics.html.erb within rescues/layout
  Rendering /home/alucinare/.rvm/gems/ruby-2.4.0@rails500/gems/actionpack-5.0.2/lib/action_dispatch/middleware/templates/rescues/_source.html.erb
  Rendered /home/alucinare/.rvm/gems/ruby-2.4.0@rails500/gems/actionpack-5.0.2/lib/action_dispatch/middleware/templates/rescues/_source.html.erb (5.1ms)
  Rendering /home/alucinare/.rvm/gems/ruby-2.4.0@rails500/gems/actionpack-5.0.2/lib/action_dispatch/middleware/templates/rescues/_trace.html.erb
  Rendered /home/alucinare/.rvm/gems/ruby-2.4.0@rails500/gems/actionpack-5.0.2/lib/action_dispatch/middleware/templates/rescues/_trace.html.erb (1.8ms)
  Rendering /home/alucinare/.rvm/gems/ruby-2.4.0@rails500/gems/actionpack-5.0.2/lib/action_dispatch/middleware/templates/rescues/_request_and_response.html.erb
  Rendered /home/alucinare/.rvm/gems/ruby-2.4.0@rails500/gems/actionpack-5.0.2/lib/action_dispatch/middleware/templates/rescues/_request_and_response.html.erb (1.0ms)
  Rendered /home/alucinare/.rvm/gems/ruby-2.4.0@rails500/gems/actionpack-5.0.2/lib/action_dispatch/middleware/templates/rescues/diagnostics.html.erb within rescues/layout (79.7ms)
Started GET "/posts/1" for 127.0.0.1 at 2017-03-28 16:41:34 +1100
Processing by PostsController#show as HTML
  Parameters: {"id"=>"1"}
  [1m[36mUser Load (0.1ms)[0m  [1m[34mSELECT  "users".* FROM "users" WHERE "users"."id" = ? ORDER BY "users"."id" ASC LIMIT ?[0m  [["id", 1], ["LIMIT", 1]]
  [1m[36mPost Load (0.1ms)[0m  [1m[34mSELECT  "posts".* FROM "posts" WHERE "posts"."id" = ? LIMIT ?[0m  [["id", 1], ["LIMIT", 1]]
  Rendering posts/show.html.erb within layouts/application
  [1m[36mUser Load (0.2ms)[0m  [1m[34mSELECT  "users".* FROM "users" WHERE "users"."id" = ? LIMIT ?[0m  [["id", 1], ["LIMIT", 1]]
  Rendered comments/_form.html.erb (2.8ms)
  [1m[36mComment Load (0.1ms)[0m  [1m[34mSELECT "comments".* FROM "comments" WHERE "comments"."post_id" = ?[0m  [["post_id", 1]]
  [1m[36mCACHE (0.0ms)[0m  [1m[34mSELECT  "users".* FROM "users" WHERE "users"."id" = ? LIMIT ?[0m  [["id", 1], ["LIMIT", 1]]
  Rendered posts/show.html.erb within layouts/application (13.7ms)
Completed 200 OK in 75ms (Views: 43.2ms | ActiveRecord: 2.3ms)


Started GET "/posts" for 127.0.0.1 at 2017-03-28 16:41:36 +1100
Processing by PostsController#index as HTML
  [1m[36mUser Load (0.4ms)[0m  [1m[34mSELECT  "users".* FROM "users" WHERE "users"."id" = ? ORDER BY "users"."id" ASC LIMIT ?[0m  [["id", 1], ["LIMIT", 1]]
  Rendering posts/index.html.erb within layouts/application
  [1m[36mPost Load (0.1ms)[0m  [1m[34mSELECT "posts".* FROM "posts"[0m
  [1m[36mUser Load (0.1ms)[0m  [1m[34mSELECT  "users".* FROM "users" WHERE "users"."id" = ? LIMIT ?[0m  [["id", 1], ["LIMIT", 1]]
  Rendered posts/index.html.erb within layouts/application (2.8ms)
Completed 200 OK in 27ms (Views: 24.8ms | ActiveRecord: 0.6ms)


Started GET "/posts/1" for 127.0.0.1 at 2017-03-28 16:41:39 +1100
Processing by PostsController#show as HTML
  Parameters: {"id"=>"1"}
  [1m[36mUser Load (0.2ms)[0m  [1m[34mSELECT  "users".* FROM "users" WHERE "users"."id" = ? ORDER BY "users"."id" ASC LIMIT ?[0m  [["id", 1], ["LIMIT", 1]]
  [1m[36mPost Load (0.1ms)[0m  [1m[34mSELECT  "posts".* FROM "posts" WHERE "posts"."id" = ? LIMIT ?[0m  [["id", 1], ["LIMIT", 1]]
  Rendering posts/show.html.erb within layouts/application
  [1m[36mUser Load (0.1ms)[0m  [1m[34mSELECT  "users".* FROM "users" WHERE "users"."id" = ? LIMIT ?[0m  [["id", 1], ["LIMIT", 1]]
  Rendered comments/_form.html.erb (2.3ms)
  [1m[36mComment Load (0.2ms)[0m  [1m[34mSELECT "comments".* FROM "comments" WHERE "comments"."post_id" = ?[0m  [["post_id", 1]]
  [1m[36mCACHE (0.0ms)[0m  [1m[34mSELECT  "users".* FROM "users" WHERE "users"."id" = ? LIMIT ?[0m  [["id", 1], ["LIMIT", 1]]
  Rendered posts/show.html.erb within layouts/application (9.1ms)
Completed 200 OK in 43ms (Views: 38.4ms | ActiveRecord: 0.6ms)


Started GET "/posts/1" for 127.0.0.1 at 2017-03-28 16:41:41 +1100
Processing by PostsController#show as HTML
  Parameters: {"id"=>"1"}
  [1m[36mUser Load (0.3ms)[0m  [1m[34mSELECT  "users".* FROM "users" WHERE "users"."id" = ? ORDER BY "users"."id" ASC LIMIT ?[0m  [["id", 1], ["LIMIT", 1]]
  [1m[36mPost Load (0.1ms)[0m  [1m[34mSELECT  "posts".* FROM "posts" WHERE "posts"."id" = ? LIMIT ?[0m  [["id", 1], ["LIMIT", 1]]
  Rendering posts/show.html.erb within layouts/application
  [1m[36mUser Load (0.1ms)[0m  [1m[34mSELECT  "users".* FROM "users" WHERE "users"."id" = ? LIMIT ?[0m  [["id", 1], ["LIMIT", 1]]
  Rendered comments/_form.html.erb (2.8ms)
  [1m[36mComment Load (0.1ms)[0m  [1m[34mSELECT "comments".* FROM "comments" WHERE "comments"."post_id" = ?[0m  [["post_id", 1]]
  [1m[36mCACHE (0.0ms)[0m  [1m[34mSELECT  "users".* FROM "users" WHERE "users"."id" = ? LIMIT ?[0m  [["id", 1], ["LIMIT", 1]]
  Rendered posts/show.html.erb within layouts/application (8.6ms)
Completed 200 OK in 40ms (Views: 35.7ms | ActiveRecord: 0.5ms)


Started POST "/posts/1/comments" for 127.0.0.1 at 2017-03-28 16:41:48 +1100
Processing by CommentsController#create as HTML
  Parameters: {"utf8"=>"✓", "authenticity_token"=>"RjbE7EJvaq1f6HigKrp45fJO5Im1enD6yC39m5o457mbsgja4lNAFgEuEPOKqKMVF9QMvSylID5q0NW4mf0zBQ==", "comment"=>{"content"=>"grass"}, "commit"=>"Create Comment", "post_id"=>"1"}
  [1m[36mUser Load (0.2ms)[0m  [1m[34mSELECT  "users".* FROM "users" WHERE "users"."id" = ? ORDER BY "users"."id" ASC LIMIT ?[0m  [["id", 1], ["LIMIT", 1]]
  [1m[35m (0.0ms)[0m  [1m[36mbegin transaction[0m
  [1m[36mPost Load (0.1ms)[0m  [1m[34mSELECT  "posts".* FROM "posts" WHERE "posts"."id" = ? LIMIT ?[0m  [["id", 1], ["LIMIT", 1]]
  [1m[36mUser Load (0.1ms)[0m  [1m[34mSELECT  "users".* FROM "users" WHERE "users"."id" = ? LIMIT ?[0m  [["id", 1], ["LIMIT", 1]]
  [1m[35mSQL (0.9ms)[0m  [1m[32mINSERT INTO "comments" ("content", "post_id", "user_id", "created_at", "updated_at") VALUES (?, ?, ?, ?, ?)[0m  [["content", "grass"], ["post_id", 1], ["user_id", 1], ["created_at", 2017-03-28 05:41:48 UTC], ["updated_at", 2017-03-28 05:41:48 UTC]]
  [1m[35m (13.1ms)[0m  [1m[36mcommit transaction[0m
Completed 500 Internal Server Error in 23ms (ActiveRecord: 14.4ms)


  
ActionController::UrlGenerationError (No route matches {:action=>"show", :controller=>"posts", :post_id=>"1"} missing required keys: [:id]):
  
app/controllers/comments_controller.rb:33:in `block (2 levels) in create'
app/controllers/comments_controller.rb:31:in `create'
  Rendering /home/alucinare/.rvm/gems/ruby-2.4.0@rails500/gems/actionpack-5.0.2/lib/action_dispatch/middleware/templates/rescues/diagnostics.html.erb within rescues/layout
  Rendering /home/alucinare/.rvm/gems/ruby-2.4.0@rails500/gems/actionpack-5.0.2/lib/action_dispatch/middleware/templates/rescues/_source.html.erb
  Rendered /home/alucinare/.rvm/gems/ruby-2.4.0@rails500/gems/actionpack-5.0.2/lib/action_dispatch/middleware/templates/rescues/_source.html.erb (3.3ms)
  Rendering /home/alucinare/.rvm/gems/ruby-2.4.0@rails500/gems/actionpack-5.0.2/lib/action_dispatch/middleware/templates/rescues/_trace.html.erb
  Rendered /home/alucinare/.rvm/gems/ruby-2.4.0@rails500/gems/actionpack-5.0.2/lib/action_dispatch/middleware/templates/rescues/_trace.html.erb (1.5ms)
  Rendering /home/alucinare/.rvm/gems/ruby-2.4.0@rails500/gems/actionpack-5.0.2/lib/action_dispatch/middleware/templates/rescues/_request_and_response.html.erb
  Rendered /home/alucinare/.rvm/gems/ruby-2.4.0@rails500/gems/actionpack-5.0.2/lib/action_dispatch/middleware/templates/rescues/_request_and_response.html.erb (0.7ms)
  Rendered /home/alucinare/.rvm/gems/ruby-2.4.0@rails500/gems/actionpack-5.0.2/lib/action_dispatch/middleware/templates/rescues/diagnostics.html.erb within rescues/layout (18.5ms)
Started GET "/posts/1" for 127.0.0.1 at 2017-03-28 16:47:30 +1100
Processing by PostsController#show as HTML
  Parameters: {"id"=>"1"}
  [1m[36mUser Load (0.2ms)[0m  [1m[34mSELECT  "users".* FROM "users" WHERE "users"."id" = ? ORDER BY "users"."id" ASC LIMIT ?[0m  [["id", 1], ["LIMIT", 1]]
  [1m[36mPost Load (0.1ms)[0m  [1m[34mSELECT  "posts".* FROM "posts" WHERE "posts"."id" = ? LIMIT ?[0m  [["id", 1], ["LIMIT", 1]]
  Rendering posts/show.html.erb within layouts/application
  [1m[36mUser Load (0.1ms)[0m  [1m[34mSELECT  "users".* FROM "users" WHERE "users"."id" = ? LIMIT ?[0m  [["id", 1], ["LIMIT", 1]]
  Rendered comments/_form.html.erb (1.4ms)
  [1m[36mComment Load (0.1ms)[0m  [1m[34mSELECT "comments".* FROM "comments" WHERE "comments"."post_id" = ?[0m  [["post_id", 1]]
  [1m[36mCACHE (0.0ms)[0m  [1m[34mSELECT  "users".* FROM "users" WHERE "users"."id" = ? LIMIT ?[0m  [["id", 1], ["LIMIT", 1]]
  [1m[36mCACHE (0.0ms)[0m  [1m[34mSELECT  "users".* FROM "users" WHERE "users"."id" = ? LIMIT ?[0m  [["id", 1], ["LIMIT", 1]]
  Rendered posts/show.html.erb within layouts/application (6.3ms)
Completed 200 OK in 26ms (Views: 23.2ms | ActiveRecord: 0.5ms)


Started GET "/posts/1" for 127.0.0.1 at 2017-03-28 16:47:34 +1100
Processing by PostsController#show as HTML
  Parameters: {"id"=>"1"}
  [1m[36mUser Load (0.2ms)[0m  [1m[34mSELECT  "users".* FROM "users" WHERE "users"."id" = ? ORDER BY "users"."id" ASC LIMIT ?[0m  [["id", 1], ["LIMIT", 1]]
  [1m[36mPost Load (0.1ms)[0m  [1m[34mSELECT  "posts".* FROM "posts" WHERE "posts"."id" = ? LIMIT ?[0m  [["id", 1], ["LIMIT", 1]]
  Rendering posts/show.html.erb within layouts/application
  [1m[36mUser Load (0.1ms)[0m  [1m[34mSELECT  "users".* FROM "users" WHERE "users"."id" = ? LIMIT ?[0m  [["id", 1], ["LIMIT", 1]]
  Rendered comments/_form.html.erb (1.3ms)
  [1m[36mComment Load (0.1ms)[0m  [1m[34mSELECT "comments".* FROM "comments" WHERE "comments"."post_id" = ?[0m  [["post_id", 1]]
  [1m[36mCACHE (0.0ms)[0m  [1m[34mSELECT  "users".* FROM "users" WHERE "users"."id" = ? LIMIT ?[0m  [["id", 1], ["LIMIT", 1]]
  [1m[36mCACHE (0.0ms)[0m  [1m[34mSELECT  "users".* FROM "users" WHERE "users"."id" = ? LIMIT ?[0m  [["id", 1], ["LIMIT", 1]]
  Rendered posts/show.html.erb within layouts/application (5.9ms)
Completed 200 OK in 26ms (Views: 21.2ms | ActiveRecord: 0.5ms)


